-------------------------------------------------------------------------------
Test set: Management Registration page
-------------------------------------------------------------------------------
Tests run: 9, Failures: 1, Errors: 2, Skipped: 0, Time elapsed: 305.9 s <<< FAILURE! -- in Management Registration page
Management Registration page.As a user, i should be register fail with leaves blank number phone input -- Time elapsed: 27.24 s <<< FAILURE!
junit.framework.ComparisonFailure: Message not equals! expected:<[Tên đăng nhập ít nhất có 3 ký tự]!> but was:<[Vui lòng nhập số điện thoại]!>
	at junit.framework.Assert.assertEquals(Assert.java:100)
	at junit.framework.TestCase.assertEquals(TestCase.java:253)
	at cucumber.utils.AssertionMethods.checkAlertMessage(AssertionMethods.java:251)
	at cucumber.step.ForwardStepDefinations.check_alert_message(ForwardStepDefinations.java:122)
	at ✽.I should see "Vui lòng nhập số điện thoại!" in alert message(file:///C:/Users/Admin/Downloads/veg_store/src/test/resources/Features/RegisterPage.feature:112)

Management Registration page.As a user, i should be register fail with leaves blank number phone input -- Time elapsed: 0 s <<< ERROR!
org.openqa.selenium.UnhandledAlertException: 
unexpected alert open: {Alert text : Tên đăng nhập ít nhất có 3 ký tự!}
  (Session info: chrome=116.0.5845.187): Tên đăng nhập ít nhất có 3 ký tự!
Build info: version: '3.11.0', revision: 'e59cfb3', time: '2018-03-11T20:26:55.152Z'
System info: host: 'DESKTOP-A8HQHM9', ip: '172.21.112.1', os.name: 'Windows 11', os.arch: 'amd64', os.version: '10.0', java.version: '20.0.1'
Driver info: org.openqa.selenium.remote.RemoteWebDriver
Capabilities {acceptInsecureCerts: false, browserName: chrome, browserVersion: 116.0.5845.187, chrome: {chromedriverVersion: 116.0.5845.96 (1a3918166880..., userDataDir: /tmp/.org.chromium.Chromium...}, fedcm:accounts: true, goog:chromeOptions: {debuggerAddress: localhost:42395}, javascriptEnabled: true, networkConnectionEnabled: false, pageLoadStrategy: normal, platform: LINUX, platformName: LINUX, proxy: Proxy(), se:bidiEnabled: false, se:cdp: ws://172.21.0.6:4444/sessio..., se:cdpVersion: 116.0.5845.187, se:vnc: ws://172.21.0.6:4444/sessio..., se:vncEnabled: true, se:vncLocalAddress: ws://172.21.0.6:7900, setWindowRect: true, strictFileInteractability: false, timeouts: {implicit: 0, pageLoad: 300000, script: 30000}, unhandledPromptBehavior: dismiss and notify, webauthn:extension:credBlob: true, webauthn:extension:largeBlob: true, webauthn:extension:minPinLength: true, webauthn:extension:prf: true, webauthn:virtualAuthenticators: true}
Session ID: 9f8e247656b9cd3f692db9e8471da52e
	at org.openqa.selenium.remote.http.W3CHttpResponseCodec.decode(W3CHttpResponseCodec.java:120)
	at org.openqa.selenium.remote.http.W3CHttpResponseCodec.decode(W3CHttpResponseCodec.java:49)
	at org.openqa.selenium.remote.HttpCommandExecutor.execute(HttpCommandExecutor.java:158)
	at org.openqa.selenium.remote.RemoteWebDriver.execute(RemoteWebDriver.java:545)
	at org.openqa.selenium.remote.RemoteWebDriver.execute(RemoteWebDriver.java:602)
	at org.openqa.selenium.remote.RemoteWebDriver.getScreenshotAs(RemoteWebDriver.java:291)
	at cucumber.step.ForwardStepDefinations.addScreenshot(ForwardStepDefinations.java:155)

Management Registration page.As a user, i should be register fail with leaves blank address input -- Time elapsed: 27.66 s <<< ERROR!
org.openqa.selenium.NoAlertPresentException: 
no such alert
  (Session info: chrome=116.0.5845.187)
Build info: version: '3.11.0', revision: 'e59cfb3', time: '2018-03-11T20:26:55.152Z'
System info: host: 'DESKTOP-A8HQHM9', ip: '172.21.112.1', os.name: 'Windows 11', os.arch: 'amd64', os.version: '10.0', java.version: '20.0.1'
Driver info: org.openqa.selenium.remote.RemoteWebDriver
Capabilities {acceptInsecureCerts: false, browserName: chrome, browserVersion: 116.0.5845.187, chrome: {chromedriverVersion: 116.0.5845.96 (1a3918166880..., userDataDir: /tmp/.org.chromium.Chromium...}, fedcm:accounts: true, goog:chromeOptions: {debuggerAddress: localhost:40645}, javascriptEnabled: true, networkConnectionEnabled: false, pageLoadStrategy: normal, platform: LINUX, platformName: LINUX, proxy: Proxy(), se:bidiEnabled: false, se:cdp: ws://172.21.0.6:4444/sessio..., se:cdpVersion: 116.0.5845.187, se:vnc: ws://172.21.0.6:4444/sessio..., se:vncEnabled: true, se:vncLocalAddress: ws://172.21.0.6:7900, setWindowRect: true, strictFileInteractability: false, timeouts: {implicit: 0, pageLoad: 300000, script: 30000}, unhandledPromptBehavior: dismiss and notify, webauthn:extension:credBlob: true, webauthn:extension:largeBlob: true, webauthn:extension:minPinLength: true, webauthn:extension:prf: true, webauthn:virtualAuthenticators: true}
Session ID: addbd2b59e678062175d22cda4f02645
	at java.base/jdk.internal.reflect.DirectConstructorHandleAccessor.newInstance(DirectConstructorHandleAccessor.java:67)
	at java.base/java.lang.reflect.Constructor.newInstanceWithCaller(Constructor.java:500)
	at java.base/java.lang.reflect.Constructor.newInstance(Constructor.java:484)
	at org.openqa.selenium.remote.http.W3CHttpResponseCodec.createException(W3CHttpResponseCodec.java:187)
	at org.openqa.selenium.remote.http.W3CHttpResponseCodec.decode(W3CHttpResponseCodec.java:122)
	at org.openqa.selenium.remote.http.W3CHttpResponseCodec.decode(W3CHttpResponseCodec.java:49)
	at org.openqa.selenium.remote.HttpCommandExecutor.execute(HttpCommandExecutor.java:158)
	at org.openqa.selenium.remote.RemoteWebDriver.execute(RemoteWebDriver.java:545)
	at org.openqa.selenium.remote.RemoteWebDriver.execute(RemoteWebDriver.java:602)
	at org.openqa.selenium.remote.RemoteWebDriver$RemoteTargetLocator.alert(RemoteWebDriver.java:931)
	at cucumber.utils.AssertionMethods.checkAlertMessage(AssertionMethods.java:251)
	at cucumber.step.ForwardStepDefinations.check_alert_message(ForwardStepDefinations.java:122)
	at ✽.I should see "Vui lòng nhập địa chỉ" in alert message(file:///C:/Users/Admin/Downloads/veg_store/src/test/resources/Features/RegisterPage.feature:128)

