<?xml version="1.0" encoding="UTF-8"?>
<testsuite xmlns:xsi="http://www.w3.org/2001/XMLSchema-instance" xsi:noNamespaceSchemaLocation="https://maven.apache.org/surefire/maven-surefire-plugin/xsd/surefire-test-report-3.0.xsd" version="3.0" name="Management Registration page" time="305.87" tests="9" errors="2" skipped="0" failures="1">
  <properties>
[...]
</properties>
  <testcase name="As a user, i want to signup successfully with correct value" classname="Management Registration page" time="72.214">
    <system-out><![CDATA[
@test @smoke
Scenario Outline: As a user, i want to signup successfully with correct value # src/test/resources/Features/RegisterPage.feature:21
  Given I navigate to Veg Store website                                       # cucumber.step.ForwardStepDefinations.luanchApp()
  And I enter "toanb1906785" into input "username" field                      # cucumber.step.ForwardStepDefinations.enter_text(java.lang.String,java.lang.String)
  And I enter "toanautomation@grr.la" into input "email" field                # cucumber.step.ForwardStepDefinations.enter_text(java.lang.String,java.lang.String)
  And I enter "123456aA@" into input "password" field                         # cucumber.step.ForwardStepDefinations.enter_text(java.lang.String,java.lang.String)
  And I enter "123456aA@" into input "confirmpassword" field                  # cucumber.step.ForwardStepDefinations.enter_text(java.lang.String,java.lang.String)
  And I click on "male" button                                                # cucumber.step.ForwardStepDefinations.click_ele(java.lang.String)
  And I enter "16/09/2001" into input "birthday" field                        # cucumber.step.ForwardStepDefinations.enter_text(java.lang.String,java.lang.String)
  And I enter "0123456789" into input "number" field                          # cucumber.step.ForwardStepDefinations.enter_text(java.lang.String,java.lang.String)
  And I enter "Ly Tu Trong" into input "address" field                        # cucumber.step.ForwardStepDefinations.enter_text(java.lang.String,java.lang.String)
  When I click on "register" button                                           # cucumber.step.ForwardStepDefinations.click_ele(java.lang.String)
  Then I should be navigate to Login Page                                     # cucumber.step.ForwardStepDefinations.backLogin()
]]></system-out>
    <system-err><![CDATA[[pool-3-thread-10] INFO io.github.bonigarcia.wdm.WebDriverManager - Using chromedriver 117.0.5938.88 (resolved driver for Chrome 117)
[pool-3-thread-10] INFO io.github.bonigarcia.wdm.WebDriverManager - Exporting webdriver.chrome.driver as C:\Users\Admin\.cache\selenium\chromedriver\win64\117.0.5938.88\chromedriver.exe
Sep 19, 2023 10:46:08 PM org.openqa.selenium.remote.ProtocolHandshake createSession
INFO: Detected dialect: W3C
[pool-3-thread-10] INFO cucumber.utils.DriverManager - Running on Desktop
]]></system-err>
  </testcase>
  <testcase name="As a user, i should be register fail with leaves blank password input" classname="Management Registration page" time="36.622">
    <system-out><![CDATA[
@test @smoke
Scenario Outline: As a user, i should be register fail with leaves blank password input # src/test/resources/Features/RegisterPage.feature:37
  Given I navigate to Veg Store website                                                 # cucumber.step.ForwardStepDefinations.luanchApp()
  And I enter "toanb1906785" into input "username" field                                # cucumber.step.ForwardStepDefinations.enter_text(java.lang.String,java.lang.String)
  And I enter "toanautomation@grr.la" into input "email" field                          # cucumber.step.ForwardStepDefinations.enter_text(java.lang.String,java.lang.String)
  And I enter "" into input "password" field                                            # cucumber.step.ForwardStepDefinations.enter_text(java.lang.String,java.lang.String)
  And I enter "123456aA@" into input "confirmpassword" field                            # cucumber.step.ForwardStepDefinations.enter_text(java.lang.String,java.lang.String)
  And I click on "male" button                                                          # cucumber.step.ForwardStepDefinations.click_ele(java.lang.String)
  And I enter "16/09/2001" into input "birthday" field                                  # cucumber.step.ForwardStepDefinations.enter_text(java.lang.String,java.lang.String)
  And I enter "0123456789" into input "number" field                                    # cucumber.step.ForwardStepDefinations.enter_text(java.lang.String,java.lang.String)
  And I enter "Ly Tu Trong" into input "address" field                                  # cucumber.step.ForwardStepDefinations.enter_text(java.lang.String,java.lang.String)
  When I click on "register" button                                                     # cucumber.step.ForwardStepDefinations.click_ele(java.lang.String)
  Then I should see "Mật khẩu phải ít nhất 6 ký tự!" in alert message                   # cucumber.step.ForwardStepDefinations.check_alert_message(java.lang.String)
]]></system-out>
    <system-err><![CDATA[[pool-3-thread-10] INFO io.github.bonigarcia.wdm.WebDriverManager - Using chromedriver 117.0.5938.88 (resolved driver for Chrome 117)
[pool-3-thread-10] INFO io.github.bonigarcia.wdm.WebDriverManager - Exporting webdriver.chrome.driver as C:\Users\Admin\.cache\selenium\chromedriver\win64\117.0.5938.88\chromedriver.exe
Sep 19, 2023 10:46:44 PM org.openqa.selenium.remote.ProtocolHandshake createSession
INFO: Detected dialect: W3C
[pool-3-thread-10] INFO cucumber.utils.DriverManager - Running on Desktop
]]></system-err>
  </testcase>
  <testcase name="As a user, i should be register fail with leaves blank username input" classname="Management Registration page" time="60.656">
    <system-out><![CDATA[
@test @smoke
Scenario Outline: As a user, i should be register fail with leaves blank username input # src/test/resources/Features/RegisterPage.feature:53
  Given I navigate to Veg Store website                                                 # cucumber.step.ForwardStepDefinations.luanchApp()
  And I enter "" into input "username" field                                            # cucumber.step.ForwardStepDefinations.enter_text(java.lang.String,java.lang.String)
  And I enter "toanautomation@grr.la" into input "email" field                          # cucumber.step.ForwardStepDefinations.enter_text(java.lang.String,java.lang.String)
  And I enter "123456aA@" into input "password" field                                   # cucumber.step.ForwardStepDefinations.enter_text(java.lang.String,java.lang.String)
  And I enter "123456aA@" into input "confirmpassword" field                            # cucumber.step.ForwardStepDefinations.enter_text(java.lang.String,java.lang.String)
  And I click on "male" button                                                          # cucumber.step.ForwardStepDefinations.click_ele(java.lang.String)
  And I enter "16/09/2001" into input "birthday" field                                  # cucumber.step.ForwardStepDefinations.enter_text(java.lang.String,java.lang.String)
  And I enter "0123456789" into input "number" field                                    # cucumber.step.ForwardStepDefinations.enter_text(java.lang.String,java.lang.String)
  And I enter "Ly Tu Trong" into input "address" field                                  # cucumber.step.ForwardStepDefinations.enter_text(java.lang.String,java.lang.String)
  When I click on "register" button                                                     # cucumber.step.ForwardStepDefinations.click_ele(java.lang.String)
  Then I should see "Tên đăng nhập ít nhất có 3 ký tự!" in alert message                # cucumber.step.ForwardStepDefinations.check_alert_message(java.lang.String)
]]></system-out>
    <system-err><![CDATA[[pool-3-thread-10] INFO io.github.bonigarcia.wdm.WebDriverManager - Using chromedriver 117.0.5938.88 (resolved driver for Chrome 117)
[pool-3-thread-10] INFO io.github.bonigarcia.wdm.WebDriverManager - Exporting webdriver.chrome.driver as C:\Users\Admin\.cache\selenium\chromedriver\win64\117.0.5938.88\chromedriver.exe
Sep 19, 2023 10:47:45 PM org.openqa.selenium.remote.ProtocolHandshake createSession
INFO: Detected dialect: W3C
[pool-3-thread-10] INFO cucumber.utils.DriverManager - Running on Desktop
]]></system-err>
  </testcase>
  <testcase name="As a user, i should be register fail with leaves blank confirm password input" classname="Management Registration page" time="28.303">
    <system-out><![CDATA[
@test @smoke
Scenario Outline: As a user, i should be register fail with leaves blank confirm password input # src/test/resources/Features/RegisterPage.feature:69
  Given I navigate to Veg Store website                                                         # cucumber.step.ForwardStepDefinations.luanchApp()
  And I enter "toanb1906785" into input "username" field                                        # cucumber.step.ForwardStepDefinations.enter_text(java.lang.String,java.lang.String)
  And I enter "toanautomation@grr.la" into input "email" field                                  # cucumber.step.ForwardStepDefinations.enter_text(java.lang.String,java.lang.String)
  And I enter "123456aA@" into input "password" field                                           # cucumber.step.ForwardStepDefinations.enter_text(java.lang.String,java.lang.String)
  And I enter "" into input "confirmpassword" field                                             # cucumber.step.ForwardStepDefinations.enter_text(java.lang.String,java.lang.String)
  And I click on "male" button                                                                  # cucumber.step.ForwardStepDefinations.click_ele(java.lang.String)
  And I enter "16/09/2001" into input "birthday" field                                          # cucumber.step.ForwardStepDefinations.enter_text(java.lang.String,java.lang.String)
  And I enter "0123456789" into input "number" field                                            # cucumber.step.ForwardStepDefinations.enter_text(java.lang.String,java.lang.String)
  And I enter "Ly Tu Trong" into input "address" field                                          # cucumber.step.ForwardStepDefinations.enter_text(java.lang.String,java.lang.String)
  When I click on "register" button                                                             # cucumber.step.ForwardStepDefinations.click_ele(java.lang.String)
  Then I should see "Mật khẩu nhập lại không đúng!" in alert message                            # cucumber.step.ForwardStepDefinations.check_alert_message(java.lang.String)
]]></system-out>
    <system-err><![CDATA[[pool-3-thread-10] INFO io.github.bonigarcia.wdm.WebDriverManager - Using chromedriver 117.0.5938.88 (resolved driver for Chrome 117)
[pool-3-thread-10] INFO io.github.bonigarcia.wdm.WebDriverManager - Exporting webdriver.chrome.driver as C:\Users\Admin\.cache\selenium\chromedriver\win64\117.0.5938.88\chromedriver.exe
Sep 19, 2023 10:48:13 PM org.openqa.selenium.remote.ProtocolHandshake createSession
INFO: Detected dialect: W3C
[pool-3-thread-10] INFO cucumber.utils.DriverManager - Running on Desktop
]]></system-err>
  </testcase>
  <testcase name="As a user, i should be register fail with leaves blank sex textbox" classname="Management Registration page" time="25.449">
    <system-out><![CDATA[
@test @smoke
Scenario Outline: As a user, i should be register fail with leaves blank sex textbox # src/test/resources/Features/RegisterPage.feature:84
  Given I navigate to Veg Store website                                              # cucumber.step.ForwardStepDefinations.luanchApp()
  And I enter "toanb1906785" into input "username" field                             # cucumber.step.ForwardStepDefinations.enter_text(java.lang.String,java.lang.String)
  And I enter "toanautomation@grr.la" into input "email" field                       # cucumber.step.ForwardStepDefinations.enter_text(java.lang.String,java.lang.String)
  And I enter "123456aA@" into input "password" field                                # cucumber.step.ForwardStepDefinations.enter_text(java.lang.String,java.lang.String)
  And I enter "123456aA@" into input "confirmpassword" field                         # cucumber.step.ForwardStepDefinations.enter_text(java.lang.String,java.lang.String)
  And I enter "16/09/2001" into input "birthday" field                               # cucumber.step.ForwardStepDefinations.enter_text(java.lang.String,java.lang.String)
  And I enter "0123456789" into input "number" field                                 # cucumber.step.ForwardStepDefinations.enter_text(java.lang.String,java.lang.String)
  And I enter "Ly Tu Trong" into input "address" field                               # cucumber.step.ForwardStepDefinations.enter_text(java.lang.String,java.lang.String)
  When I click on "register" button                                                  # cucumber.step.ForwardStepDefinations.click_ele(java.lang.String)
  Then I should see "Vui lòng chọn giới tính!" in alert message                      # cucumber.step.ForwardStepDefinations.check_alert_message(java.lang.String)
]]></system-out>
    <system-err><![CDATA[[pool-3-thread-10] INFO io.github.bonigarcia.wdm.WebDriverManager - Using chromedriver 117.0.5938.88 (resolved driver for Chrome 117)
[pool-3-thread-10] INFO io.github.bonigarcia.wdm.WebDriverManager - Exporting webdriver.chrome.driver as C:\Users\Admin\.cache\selenium\chromedriver\win64\117.0.5938.88\chromedriver.exe
Sep 19, 2023 10:48:41 PM org.openqa.selenium.remote.ProtocolHandshake createSession
INFO: Detected dialect: W3C
[pool-3-thread-10] INFO cucumber.utils.DriverManager - Running on Desktop
]]></system-err>
  </testcase>
  <testcase name="As a user, i should be register fail with leaves blank birthday input" classname="Management Registration page" time="27.724">
    <system-out><![CDATA[
@test @smoke
Scenario Outline: As a user, i should be register fail with leaves blank birthday input # src/test/resources/Features/RegisterPage.feature:100
  Given I navigate to Veg Store website                                                 # cucumber.step.ForwardStepDefinations.luanchApp()
  And I enter "toanb1906785" into input "username" field                                # cucumber.step.ForwardStepDefinations.enter_text(java.lang.String,java.lang.String)
  And I enter "toanautomation@grr.la" into input "email" field                          # cucumber.step.ForwardStepDefinations.enter_text(java.lang.String,java.lang.String)
  And I enter "123456aA@" into input "password" field                                   # cucumber.step.ForwardStepDefinations.enter_text(java.lang.String,java.lang.String)
  And I enter "123456aA@" into input "confirmpassword" field                            # cucumber.step.ForwardStepDefinations.enter_text(java.lang.String,java.lang.String)
  And I click on "male" button                                                          # cucumber.step.ForwardStepDefinations.click_ele(java.lang.String)
  And I enter "21354sda" into input "birthday" field                                    # cucumber.step.ForwardStepDefinations.enter_text(java.lang.String,java.lang.String)
  And I enter "0123456789" into input "number" field                                    # cucumber.step.ForwardStepDefinations.enter_text(java.lang.String,java.lang.String)
  And I enter "Ly Tu Trong" into input "address" field                                  # cucumber.step.ForwardStepDefinations.enter_text(java.lang.String,java.lang.String)
  When I click on "register" button                                                     # cucumber.step.ForwardStepDefinations.click_ele(java.lang.String)
  Then I should see "Nhập không đúng format ngày sinh" in alert message                 # cucumber.step.ForwardStepDefinations.check_alert_message(java.lang.String)
]]></system-out>
    <system-err><![CDATA[[pool-3-thread-10] INFO io.github.bonigarcia.wdm.WebDriverManager - Using chromedriver 117.0.5938.88 (resolved driver for Chrome 117)
[pool-3-thread-10] INFO io.github.bonigarcia.wdm.WebDriverManager - Exporting webdriver.chrome.driver as C:\Users\Admin\.cache\selenium\chromedriver\win64\117.0.5938.88\chromedriver.exe
Sep 19, 2023 10:49:06 PM org.openqa.selenium.remote.ProtocolHandshake createSession
INFO: Detected dialect: W3C
[pool-3-thread-10] INFO cucumber.utils.DriverManager - Running on Desktop
]]></system-err>
  </testcase>
  <testcase name="As a user, i should be register fail with leaves blank number phone input" classname="Management Registration page" time="27.244">
    <failure message="Message not equals! expected:&lt;[Tên đăng nhập ít nhất có 3 ký tự]!&gt; but was:&lt;[Vui lòng nhập số điện thoại]!&gt;" type="junit.framework.ComparisonFailure"><![CDATA[junit.framework.ComparisonFailure: Message not equals! expected:<[Tên đăng nhập ít nhất có 3 ký tự]!> but was:<[Vui lòng nhập số điện thoại]!>
	at junit.framework.Assert.assertEquals(Assert.java:100)
	at junit.framework.TestCase.assertEquals(TestCase.java:253)
	at cucumber.utils.AssertionMethods.checkAlertMessage(AssertionMethods.java:251)
	at cucumber.step.ForwardStepDefinations.check_alert_message(ForwardStepDefinations.java:122)
	at ✽.I should see "Vui lòng nhập số điện thoại!" in alert message(file:///C:/Users/Admin/Downloads/veg_store/src/test/resources/Features/RegisterPage.feature:112)
]]></failure>
    <system-out><![CDATA[
@test @smoke
Scenario Outline: As a user, i should be register fail with leaves blank number phone input # src/test/resources/Features/RegisterPage.feature:116
  Given I navigate to Veg Store website                                                     # cucumber.step.ForwardStepDefinations.luanchApp()
  And I enter "toanb1906785" into input "username" field                                    # cucumber.step.ForwardStepDefinations.enter_text(java.lang.String,java.lang.String)
  And I enter "toanautomation@grr.la" into input "email" field                              # cucumber.step.ForwardStepDefinations.enter_text(java.lang.String,java.lang.String)
  And I enter "123456aA@" into input "password" field                                       # cucumber.step.ForwardStepDefinations.enter_text(java.lang.String,java.lang.String)
  And I enter "123456aA@" into input "confirmpassword" field                                # cucumber.step.ForwardStepDefinations.enter_text(java.lang.String,java.lang.String)
  And I click on "male" button                                                              # cucumber.step.ForwardStepDefinations.click_ele(java.lang.String)
  And I enter "16/09/2001" into input "birthday" field                                      # cucumber.step.ForwardStepDefinations.enter_text(java.lang.String,java.lang.String)
  And I enter "" into input "number" field                                                  # cucumber.step.ForwardStepDefinations.enter_text(java.lang.String,java.lang.String)
  And I enter "Ly Tu Trong" into input "address" field                                      # cucumber.step.ForwardStepDefinations.enter_text(java.lang.String,java.lang.String)
  When I click on "register" button                                                         # cucumber.step.ForwardStepDefinations.click_ele(java.lang.String)
  Then I should see "Vui lòng nhập số điện thoại!" in alert message                         # cucumber.step.ForwardStepDefinations.check_alert_message(java.lang.String)
      junit.framework.ComparisonFailure: Message not equals! expected:<[Tên đăng nhập ít nhất có 3 ký tự]!> but was:<[Vui lòng nhập số điện thoại]!>
	at junit.framework.Assert.assertEquals(Assert.java:100)
	at junit.framework.TestCase.assertEquals(TestCase.java:253)
	at cucumber.utils.AssertionMethods.checkAlertMessage(AssertionMethods.java:251)
	at cucumber.step.ForwardStepDefinations.check_alert_message(ForwardStepDefinations.java:122)
	at ✽.I should see "Vui lòng nhập số điện thoại!" in alert message(file:///C:/Users/Admin/Downloads/veg_store/src/test/resources/Features/RegisterPage.feature:112)

      org.openqa.selenium.UnhandledAlertException: unexpected alert open: {Alert text : Tên đăng nhập ít nhất có 3 ký tự!}
  (Session info: chrome=116.0.5845.187): Tên đăng nhập ít nhất có 3 ký tự!
Build info: version: '3.11.0', revision: 'e59cfb3', time: '2018-03-11T20:26:55.152Z'
System info: host: 'DESKTOP-A8HQHM9', ip: '172.21.112.1', os.name: 'Windows 11', os.arch: 'amd64', os.version: '10.0', java.version: '20.0.1'
Driver info: org.openqa.selenium.remote.RemoteWebDriver
Capabilities {acceptInsecureCerts: false, browserName: chrome, browserVersion: 116.0.5845.187, chrome: {chromedriverVersion: 116.0.5845.96 (1a3918166880..., userDataDir: /tmp/.org.chromium.Chromium...}, fedcm:accounts: true, goog:chromeOptions: {debuggerAddress: localhost:42395}, javascriptEnabled: true, networkConnectionEnabled: false, pageLoadStrategy: normal, platform: LINUX, platformName: LINUX, proxy: Proxy(), se:bidiEnabled: false, se:cdp: ws://172.21.0.6:4444/sessio..., se:cdpVersion: 116.0.5845.187, se:vnc: ws://172.21.0.6:4444/sessio..., se:vncEnabled: true, se:vncLocalAddress: ws://172.21.0.6:7900, setWindowRect: true, strictFileInteractability: false, timeouts: {implicit: 0, pageLoad: 300000, script: 30000}, unhandledPromptBehavior: dismiss and notify, webauthn:extension:credBlob: true, webauthn:extension:largeBlob: true, webauthn:extension:minPinLength: true, webauthn:extension:prf: true, webauthn:virtualAuthenticators: true}
Session ID: 9f8e247656b9cd3f692db9e8471da52e
	at org.openqa.selenium.remote.http.W3CHttpResponseCodec.decode(W3CHttpResponseCodec.java:120)
	at org.openqa.selenium.remote.http.W3CHttpResponseCodec.decode(W3CHttpResponseCodec.java:49)
	at org.openqa.selenium.remote.HttpCommandExecutor.execute(HttpCommandExecutor.java:158)
	at org.openqa.selenium.remote.RemoteWebDriver.execute(RemoteWebDriver.java:545)
	at org.openqa.selenium.remote.RemoteWebDriver.execute(RemoteWebDriver.java:602)
	at org.openqa.selenium.remote.RemoteWebDriver.getScreenshotAs(RemoteWebDriver.java:291)
	at cucumber.step.ForwardStepDefinations.addScreenshot(ForwardStepDefinations.java:155)

]]></system-out>
    <system-err><![CDATA[[pool-3-thread-10] INFO io.github.bonigarcia.wdm.WebDriverManager - Using chromedriver 117.0.5938.88 (resolved driver for Chrome 117)
[pool-3-thread-10] INFO io.github.bonigarcia.wdm.WebDriverManager - Exporting webdriver.chrome.driver as C:\Users\Admin\.cache\selenium\chromedriver\win64\117.0.5938.88\chromedriver.exe
Sep 19, 2023 10:49:34 PM org.openqa.selenium.remote.ProtocolHandshake createSession
INFO: Detected dialect: W3C
[pool-3-thread-10] INFO cucumber.utils.DriverManager - Running on Desktop
]]></system-err>
  </testcase>
  <testcase name="As a user, i should be register fail with leaves blank number phone input" classname="Management Registration page" time="0.0">
    <error message="unexpected alert open: {Alert text : Tên đăng nhập ít nhất có 3 ký tự!}&#10;  (Session info: chrome=116.0.5845.187): Tên đăng nhập ít nhất có 3 ký tự!&#10;Build info: version: &apos;3.11.0&apos;, revision: &apos;e59cfb3&apos;, time: &apos;2018-03-11T20:26:55.152Z&apos;&#10;System info: host: &apos;DESKTOP-A8HQHM9&apos;, ip: &apos;172.21.112.1&apos;, os.name: &apos;Windows 11&apos;, os.arch: &apos;amd64&apos;, os.version: &apos;10.0&apos;, java.version: &apos;20.0.1&apos;&#10;Driver info: org.openqa.selenium.remote.RemoteWebDriver&#10;Capabilities {acceptInsecureCerts: false, browserName: chrome, browserVersion: 116.0.5845.187, chrome: {chromedriverVersion: 116.0.5845.96 (1a3918166880..., userDataDir: /tmp/.org.chromium.Chromium...}, fedcm:accounts: true, goog:chromeOptions: {debuggerAddress: localhost:42395}, javascriptEnabled: true, networkConnectionEnabled: false, pageLoadStrategy: normal, platform: LINUX, platformName: LINUX, proxy: Proxy(), se:bidiEnabled: false, se:cdp: ws://172.21.0.6:4444/sessio..., se:cdpVersion: 116.0.5845.187, se:vnc: ws://172.21.0.6:4444/sessio..., se:vncEnabled: true, se:vncLocalAddress: ws://172.21.0.6:7900, setWindowRect: true, strictFileInteractability: false, timeouts: {implicit: 0, pageLoad: 300000, script: 30000}, unhandledPromptBehavior: dismiss and notify, webauthn:extension:credBlob: true, webauthn:extension:largeBlob: true, webauthn:extension:minPinLength: true, webauthn:extension:prf: true, webauthn:virtualAuthenticators: true}&#10;Session ID: 9f8e247656b9cd3f692db9e8471da52e" type="org.openqa.selenium.UnhandledAlertException"><![CDATA[org.openqa.selenium.UnhandledAlertException: 
unexpected alert open: {Alert text : Tên đăng nhập ít nhất có 3 ký tự!}
  (Session info: chrome=116.0.5845.187): Tên đăng nhập ít nhất có 3 ký tự!
Build info: version: '3.11.0', revision: 'e59cfb3', time: '2018-03-11T20:26:55.152Z'
System info: host: 'DESKTOP-A8HQHM9', ip: '172.21.112.1', os.name: 'Windows 11', os.arch: 'amd64', os.version: '10.0', java.version: '20.0.1'
Driver info: org.openqa.selenium.remote.RemoteWebDriver
Capabilities {acceptInsecureCerts: false, browserName: chrome, browserVersion: 116.0.5845.187, chrome: {chromedriverVersion: 116.0.5845.96 (1a3918166880..., userDataDir: /tmp/.org.chromium.Chromium...}, fedcm:accounts: true, goog:chromeOptions: {debuggerAddress: localhost:42395}, javascriptEnabled: true, networkConnectionEnabled: false, pageLoadStrategy: normal, platform: LINUX, platformName: LINUX, proxy: Proxy(), se:bidiEnabled: false, se:cdp: ws://172.21.0.6:4444/sessio..., se:cdpVersion: 116.0.5845.187, se:vnc: ws://172.21.0.6:4444/sessio..., se:vncEnabled: true, se:vncLocalAddress: ws://172.21.0.6:7900, setWindowRect: true, strictFileInteractability: false, timeouts: {implicit: 0, pageLoad: 300000, script: 30000}, unhandledPromptBehavior: dismiss and notify, webauthn:extension:credBlob: true, webauthn:extension:largeBlob: true, webauthn:extension:minPinLength: true, webauthn:extension:prf: true, webauthn:virtualAuthenticators: true}
Session ID: 9f8e247656b9cd3f692db9e8471da52e
	at org.openqa.selenium.remote.http.W3CHttpResponseCodec.decode(W3CHttpResponseCodec.java:120)
	at org.openqa.selenium.remote.http.W3CHttpResponseCodec.decode(W3CHttpResponseCodec.java:49)
	at org.openqa.selenium.remote.HttpCommandExecutor.execute(HttpCommandExecutor.java:158)
	at org.openqa.selenium.remote.RemoteWebDriver.execute(RemoteWebDriver.java:545)
	at org.openqa.selenium.remote.RemoteWebDriver.execute(RemoteWebDriver.java:602)
	at org.openqa.selenium.remote.RemoteWebDriver.getScreenshotAs(RemoteWebDriver.java:291)
	at cucumber.step.ForwardStepDefinations.addScreenshot(ForwardStepDefinations.java:155)
]]></error>
  </testcase>
  <testcase name="As a user, i should be register fail with leaves blank address input" classname="Management Registration page" time="27.656">
    <error message="no such alert&#10;  (Session info: chrome=116.0.5845.187)&#10;Build info: version: &apos;3.11.0&apos;, revision: &apos;e59cfb3&apos;, time: &apos;2018-03-11T20:26:55.152Z&apos;&#10;System info: host: &apos;DESKTOP-A8HQHM9&apos;, ip: &apos;172.21.112.1&apos;, os.name: &apos;Windows 11&apos;, os.arch: &apos;amd64&apos;, os.version: &apos;10.0&apos;, java.version: &apos;20.0.1&apos;&#10;Driver info: org.openqa.selenium.remote.RemoteWebDriver&#10;Capabilities {acceptInsecureCerts: false, browserName: chrome, browserVersion: 116.0.5845.187, chrome: {chromedriverVersion: 116.0.5845.96 (1a3918166880..., userDataDir: /tmp/.org.chromium.Chromium...}, fedcm:accounts: true, goog:chromeOptions: {debuggerAddress: localhost:40645}, javascriptEnabled: true, networkConnectionEnabled: false, pageLoadStrategy: normal, platform: LINUX, platformName: LINUX, proxy: Proxy(), se:bidiEnabled: false, se:cdp: ws://172.21.0.6:4444/sessio..., se:cdpVersion: 116.0.5845.187, se:vnc: ws://172.21.0.6:4444/sessio..., se:vncEnabled: true, se:vncLocalAddress: ws://172.21.0.6:7900, setWindowRect: true, strictFileInteractability: false, timeouts: {implicit: 0, pageLoad: 300000, script: 30000}, unhandledPromptBehavior: dismiss and notify, webauthn:extension:credBlob: true, webauthn:extension:largeBlob: true, webauthn:extension:minPinLength: true, webauthn:extension:prf: true, webauthn:virtualAuthenticators: true}&#10;Session ID: addbd2b59e678062175d22cda4f02645" type="org.openqa.selenium.NoAlertPresentException"><![CDATA[org.openqa.selenium.NoAlertPresentException: 
no such alert
  (Session info: chrome=116.0.5845.187)
Build info: version: '3.11.0', revision: 'e59cfb3', time: '2018-03-11T20:26:55.152Z'
System info: host: 'DESKTOP-A8HQHM9', ip: '172.21.112.1', os.name: 'Windows 11', os.arch: 'amd64', os.version: '10.0', java.version: '20.0.1'
Driver info: org.openqa.selenium.remote.RemoteWebDriver
Capabilities {acceptInsecureCerts: false, browserName: chrome, browserVersion: 116.0.5845.187, chrome: {chromedriverVersion: 116.0.5845.96 (1a3918166880..., userDataDir: /tmp/.org.chromium.Chromium...}, fedcm:accounts: true, goog:chromeOptions: {debuggerAddress: localhost:40645}, javascriptEnabled: true, networkConnectionEnabled: false, pageLoadStrategy: normal, platform: LINUX, platformName: LINUX, proxy: Proxy(), se:bidiEnabled: false, se:cdp: ws://172.21.0.6:4444/sessio..., se:cdpVersion: 116.0.5845.187, se:vnc: ws://172.21.0.6:4444/sessio..., se:vncEnabled: true, se:vncLocalAddress: ws://172.21.0.6:7900, setWindowRect: true, strictFileInteractability: false, timeouts: {implicit: 0, pageLoad: 300000, script: 30000}, unhandledPromptBehavior: dismiss and notify, webauthn:extension:credBlob: true, webauthn:extension:largeBlob: true, webauthn:extension:minPinLength: true, webauthn:extension:prf: true, webauthn:virtualAuthenticators: true}
Session ID: addbd2b59e678062175d22cda4f02645
	at java.base/jdk.internal.reflect.DirectConstructorHandleAccessor.newInstance(DirectConstructorHandleAccessor.java:67)
	at java.base/java.lang.reflect.Constructor.newInstanceWithCaller(Constructor.java:500)
	at java.base/java.lang.reflect.Constructor.newInstance(Constructor.java:484)
	at org.openqa.selenium.remote.http.W3CHttpResponseCodec.createException(W3CHttpResponseCodec.java:187)
	at org.openqa.selenium.remote.http.W3CHttpResponseCodec.decode(W3CHttpResponseCodec.java:122)
	at org.openqa.selenium.remote.http.W3CHttpResponseCodec.decode(W3CHttpResponseCodec.java:49)
	at org.openqa.selenium.remote.HttpCommandExecutor.execute(HttpCommandExecutor.java:158)
	at org.openqa.selenium.remote.RemoteWebDriver.execute(RemoteWebDriver.java:545)
	at org.openqa.selenium.remote.RemoteWebDriver.execute(RemoteWebDriver.java:602)
	at org.openqa.selenium.remote.RemoteWebDriver$RemoteTargetLocator.alert(RemoteWebDriver.java:931)
	at cucumber.utils.AssertionMethods.checkAlertMessage(AssertionMethods.java:251)
	at cucumber.step.ForwardStepDefinations.check_alert_message(ForwardStepDefinations.java:122)
	at ✽.I should see "Vui lòng nhập địa chỉ" in alert message(file:///C:/Users/Admin/Downloads/veg_store/src/test/resources/Features/RegisterPage.feature:128)
]]></error>
    <system-out><![CDATA[
@test @smoke
Scenario Outline: As a user, i should be register fail with leaves blank address input # src/test/resources/Features/RegisterPage.feature:132
  Given I navigate to Veg Store website                                                # cucumber.step.ForwardStepDefinations.luanchApp()
  And I enter "toanb1906785" into input "username" field                               # cucumber.step.ForwardStepDefinations.enter_text(java.lang.String,java.lang.String)
  And I enter "toanautomation@grr.la" into input "email" field                         # cucumber.step.ForwardStepDefinations.enter_text(java.lang.String,java.lang.String)
  And I enter "123456aA@" into input "password" field                                  # cucumber.step.ForwardStepDefinations.enter_text(java.lang.String,java.lang.String)
  And I enter "123456aA@" into input "confirmpassword" field                           # cucumber.step.ForwardStepDefinations.enter_text(java.lang.String,java.lang.String)
  And I click on "male" button                                                         # cucumber.step.ForwardStepDefinations.click_ele(java.lang.String)
  And I enter "16/09/2001" into input "birthday" field                                 # cucumber.step.ForwardStepDefinations.enter_text(java.lang.String,java.lang.String)
  And I enter "0123456789" into input "number" field                                   # cucumber.step.ForwardStepDefinations.enter_text(java.lang.String,java.lang.String)
  And I enter "" into input "address" field                                            # cucumber.step.ForwardStepDefinations.enter_text(java.lang.String,java.lang.String)
  When I click on "register" button                                                    # cucumber.step.ForwardStepDefinations.click_ele(java.lang.String)
  Then I should see "Vui lòng nhập địa chỉ" in alert message                           # cucumber.step.ForwardStepDefinations.check_alert_message(java.lang.String)
      org.openqa.selenium.NoAlertPresentException: no such alert
  (Session info: chrome=116.0.5845.187)
Build info: version: '3.11.0', revision: 'e59cfb3', time: '2018-03-11T20:26:55.152Z'
System info: host: 'DESKTOP-A8HQHM9', ip: '172.21.112.1', os.name: 'Windows 11', os.arch: 'amd64', os.version: '10.0', java.version: '20.0.1'
Driver info: org.openqa.selenium.remote.RemoteWebDriver
Capabilities {acceptInsecureCerts: false, browserName: chrome, browserVersion: 116.0.5845.187, chrome: {chromedriverVersion: 116.0.5845.96 (1a3918166880..., userDataDir: /tmp/.org.chromium.Chromium...}, fedcm:accounts: true, goog:chromeOptions: {debuggerAddress: localhost:40645}, javascriptEnabled: true, networkConnectionEnabled: false, pageLoadStrategy: normal, platform: LINUX, platformName: LINUX, proxy: Proxy(), se:bidiEnabled: false, se:cdp: ws://172.21.0.6:4444/sessio..., se:cdpVersion: 116.0.5845.187, se:vnc: ws://172.21.0.6:4444/sessio..., se:vncEnabled: true, se:vncLocalAddress: ws://172.21.0.6:7900, setWindowRect: true, strictFileInteractability: false, timeouts: {implicit: 0, pageLoad: 300000, script: 30000}, unhandledPromptBehavior: dismiss and notify, webauthn:extension:credBlob: true, webauthn:extension:largeBlob: true, webauthn:extension:minPinLength: true, webauthn:extension:prf: true, webauthn:virtualAuthenticators: true}
Session ID: addbd2b59e678062175d22cda4f02645
	at java.base/jdk.internal.reflect.DirectConstructorHandleAccessor.newInstance(DirectConstructorHandleAccessor.java:67)
	at java.base/java.lang.reflect.Constructor.newInstanceWithCaller(Constructor.java:500)
	at java.base/java.lang.reflect.Constructor.newInstance(Constructor.java:484)
	at org.openqa.selenium.remote.http.W3CHttpResponseCodec.createException(W3CHttpResponseCodec.java:187)
	at org.openqa.selenium.remote.http.W3CHttpResponseCodec.decode(W3CHttpResponseCodec.java:122)
	at org.openqa.selenium.remote.http.W3CHttpResponseCodec.decode(W3CHttpResponseCodec.java:49)
	at org.openqa.selenium.remote.HttpCommandExecutor.execute(HttpCommandExecutor.java:158)
	at org.openqa.selenium.remote.RemoteWebDriver.execute(RemoteWebDriver.java:545)
	at org.openqa.selenium.remote.RemoteWebDriver.execute(RemoteWebDriver.java:602)
	at org.openqa.selenium.remote.RemoteWebDriver$RemoteTargetLocator.alert(RemoteWebDriver.java:931)
	at cucumber.utils.AssertionMethods.checkAlertMessage(AssertionMethods.java:251)
	at cucumber.step.ForwardStepDefinations.check_alert_message(ForwardStepDefinations.java:122)
	at ✽.I should see "Vui lòng nhập địa chỉ" in alert message(file:///C:/Users/Admin/Downloads/veg_store/src/test/resources/Features/RegisterPage.feature:128)


    Embedding image [image/png 12017 bytes]

]]></system-out>
    <system-err><![CDATA[[pool-3-thread-10] INFO io.github.bonigarcia.wdm.WebDriverManager - Using chromedriver 117.0.5938.88 (resolved driver for Chrome 117)
[pool-3-thread-10] INFO io.github.bonigarcia.wdm.WebDriverManager - Exporting webdriver.chrome.driver as C:\Users\Admin\.cache\selenium\chromedriver\win64\117.0.5938.88\chromedriver.exe
Sep 19, 2023 10:50:01 PM org.openqa.selenium.remote.ProtocolHandshake createSession
INFO: Detected dialect: W3C
[pool-3-thread-10] INFO cucumber.utils.DriverManager - Running on Desktop
]]></system-err>
  </testcase>
</testsuite>