<?xml version="1.0" encoding="UTF-8"?>
<testsuite xmlns:xsi="http://www.w3.org/2001/XMLSchema-instance" xsi:noNamespaceSchemaLocation="https://maven.apache.org/surefire/maven-surefire-plugin/xsd/surefire-test-report-3.0.xsd" version="3.0" name="Management Personal page" time="228.881" tests="2" errors="1" skipped="0" failures="0">
  <properties>
[...]
</properties>
  <testcase name="As a user, i want to see personal page is display as expect" classname="Management Personal page" time="138.23">
    <system-out><![CDATA[
@smoke
Scenario: As a user, i want to see personal page is display as expect # src/test/resources/Features/Personal.feature:20
  Given I navigate to Veg Store website                               # cucumber.step.ForwardStepDefinations.luanchApp()
  And I enter "toanb1906785" into input "username" field              # cucumber.step.ForwardStepDefinations.enter_text(java.lang.String,java.lang.String)
  And I enter "toanautomation@grr.la" into input "email" field        # cucumber.step.ForwardStepDefinations.enter_text(java.lang.String,java.lang.String)
  And I enter "123456aA@" into input "password" field                 # cucumber.step.ForwardStepDefinations.enter_text(java.lang.String,java.lang.String)
  And I enter "123456aA@" into input "confirmpassword" field          # cucumber.step.ForwardStepDefinations.enter_text(java.lang.String,java.lang.String)
  And I click on "male" button                                        # cucumber.step.ForwardStepDefinations.click_ele(java.lang.String)
  And I enter "16/09/2001" into input "birthday" field                # cucumber.step.ForwardStepDefinations.enter_text(java.lang.String,java.lang.String)
  And I enter "0123456789" into input "number" field                  # cucumber.step.ForwardStepDefinations.enter_text(java.lang.String,java.lang.String)
  And I enter "Ly Tu Trong" into input "address" field                # cucumber.step.ForwardStepDefinations.enter_text(java.lang.String,java.lang.String)
  And I click on "register" button                                    # cucumber.step.ForwardStepDefinations.click_ele(java.lang.String)
  And I enter "toanautomation@grr.la" into input "LP_email" field     # cucumber.step.ForwardStepDefinations.enter_text(java.lang.String,java.lang.String)
  And I enter "123456aA@" into input "LP_password" field              # cucumber.step.ForwardStepDefinations.enter_text(java.lang.String,java.lang.String)
  And I click on "LP_login" button                                    # cucumber.step.ForwardStepDefinations.click_ele(java.lang.String)
  And I click on "personal" button                                    # cucumber.step.ForwardStepDefinations.click_ele(java.lang.String)
  Then I should see "HỒ SƠ CỦA TÔI." on "titlePersonal"               # cucumber.step.ForwardStepDefinations.check_element_text(java.lang.String,java.lang.String,java.lang.String)
  And I should see "Tên đăng nhập:" displayed on "label" list screen  # cucumber.step.ForwardStepDefinations.check_text_displayed(java.lang.String,java.lang.String)
  And I should see "Email:" displayed on "label" list screen          # cucumber.step.ForwardStepDefinations.check_text_displayed(java.lang.String,java.lang.String)
  And I should see "Số điện thoại:" displayed on "label" list screen  # cucumber.step.ForwardStepDefinations.check_text_displayed(java.lang.String,java.lang.String)
  And I should see "Giới tính:" displayed on "label" list screen      # cucumber.step.ForwardStepDefinations.check_text_displayed(java.lang.String,java.lang.String)
  And I should see "Ngày sinh:" displayed on "label" list screen      # cucumber.step.ForwardStepDefinations.check_text_displayed(java.lang.String,java.lang.String)
  And I should see "Địa chỉ:" displayed on "label" list screen        # cucumber.step.ForwardStepDefinations.check_text_displayed(java.lang.String,java.lang.String)
  And I should see "namePersonal" will be displayed on UI             # cucumber.step.ForwardStepDefinations.check_element_displayed_on_ui(java.lang.String,java.lang.String)
  And I should see "emailPersonal" will be displayed on UI            # cucumber.step.ForwardStepDefinations.check_element_displayed_on_ui(java.lang.String,java.lang.String)
  And I should see "numberPersonal" will be displayed on UI           # cucumber.step.ForwardStepDefinations.check_element_displayed_on_ui(java.lang.String,java.lang.String)
  And I should see "datePersonal" will be displayed on UI             # cucumber.step.ForwardStepDefinations.check_element_displayed_on_ui(java.lang.String,java.lang.String)
  And I should see "addressPersonal" will be displayed on UI          # cucumber.step.ForwardStepDefinations.check_element_displayed_on_ui(java.lang.String,java.lang.String)
  And I should see "save" will be displayed on UI                     # cucumber.step.ForwardStepDefinations.check_element_displayed_on_ui(java.lang.String,java.lang.String)
  And I should see "Lưu" on "save"                                    # cucumber.step.ForwardStepDefinations.check_element_text(java.lang.String,java.lang.String,java.lang.String)
]]></system-out>
    <system-err><![CDATA[[pool-3-thread-8] INFO io.github.bonigarcia.wdm.WebDriverManager - Using chromedriver 116.0.5845.96 (resolved driver for Chrome 116)
[pool-3-thread-8] INFO io.github.bonigarcia.wdm.WebDriverManager - Exporting webdriver.chrome.driver as C:\Users\Admin\.cache\selenium\chromedriver\win64\116.0.5845.96\chromedriver.exe
Sep 10, 2023 10:30:35 PM org.openqa.selenium.remote.ProtocolHandshake createSession
INFO: Detected dialect: W3C
[pool-3-thread-8] INFO cucumber.utils.DriverManager - Running on Desktop
]]></system-err>
  </testcase>
  <testcase name="As a user, i want to see username, email and number were displayed correct data" classname="Management Personal page" time="90.651">
    <error message="&#10;********************************************&#10;Actual	 : null&#10;Expected : toanb1906785&#10;********************************************&#10;" type="cucumber.utils.TestCaseFailed"><![CDATA[cucumber.utils.TestCaseFailed: 

********************************************
Actual	 : null
Expected : toanb1906785
********************************************

	at cucumber.utils.AssertionMethods.checkElementTextCompare(AssertionMethods.java:98)
	at cucumber.step.ForwardStepDefinations.check_element_text(ForwardStepDefinations.java:60)
	at ✽.I should see "toanb1906785" on "namePersonal"(file:///C:/Users/Admin/Downloads/veg_store/src/test/resources/Features/Personal.feature:37)
]]></error>
    <system-out><![CDATA[
@smoke
Scenario Outline: As a user, i want to see username, email and number were displayed correct data # src/test/resources/Features/Personal.feature:43
  Given I navigate to Veg Store website                                                           # cucumber.step.ForwardStepDefinations.luanchApp()
  And I enter "toanb1906785" into input "username" field                                          # cucumber.step.ForwardStepDefinations.enter_text(java.lang.String,java.lang.String)
  And I enter "toanautomation@grr.la" into input "email" field                                    # cucumber.step.ForwardStepDefinations.enter_text(java.lang.String,java.lang.String)
  And I enter "123456aA@" into input "password" field                                             # cucumber.step.ForwardStepDefinations.enter_text(java.lang.String,java.lang.String)
  And I enter "123456aA@" into input "confirmpassword" field                                      # cucumber.step.ForwardStepDefinations.enter_text(java.lang.String,java.lang.String)
  And I click on "male" button                                                                    # cucumber.step.ForwardStepDefinations.click_ele(java.lang.String)
  And I enter "16/09/2001" into input "birthday" field                                            # cucumber.step.ForwardStepDefinations.enter_text(java.lang.String,java.lang.String)
  And I enter "0123456789" into input "number" field                                              # cucumber.step.ForwardStepDefinations.enter_text(java.lang.String,java.lang.String)
  And I enter "Ly Tu Trong" into input "address" field                                            # cucumber.step.ForwardStepDefinations.enter_text(java.lang.String,java.lang.String)
  And I click on "register" button                                                                # cucumber.step.ForwardStepDefinations.click_ele(java.lang.String)
  And I enter "toanautomation@grr.la" into input "LP_email" field                                 # cucumber.step.ForwardStepDefinations.enter_text(java.lang.String,java.lang.String)
  And I enter "123456aA@" into input "LP_password" field                                          # cucumber.step.ForwardStepDefinations.enter_text(java.lang.String,java.lang.String)
  And I click on "LP_login" button                                                                # cucumber.step.ForwardStepDefinations.click_ele(java.lang.String)
  And I click on "personal" button                                                                # cucumber.step.ForwardStepDefinations.click_ele(java.lang.String)
  Then I should see "toanb1906785" on "namePersonal"                                              # cucumber.step.ForwardStepDefinations.check_element_text(java.lang.String,java.lang.String,java.lang.String)
      cucumber.utils.TestCaseFailed: 
********************************************
Actual	 : null
Expected : toanb1906785
********************************************

	at cucumber.utils.AssertionMethods.checkElementTextCompare(AssertionMethods.java:98)
	at cucumber.step.ForwardStepDefinations.check_element_text(ForwardStepDefinations.java:60)
	at ✽.I should see "toanb1906785" on "namePersonal"(file:///C:/Users/Admin/Downloads/veg_store/src/test/resources/Features/Personal.feature:37)


    Embedding image [image/png 94430 bytes]

  And I should see "toanautomation@grr.la" on "emailPersonal"                                     # cucumber.step.ForwardStepDefinations.check_element_text(java.lang.String,java.lang.String,java.lang.String)
  And I should see "0123456789" on "numberPersonal"                                               # cucumber.step.ForwardStepDefinations.check_element_text(java.lang.String,java.lang.String,java.lang.String)
]]></system-out>
    <system-err><![CDATA[[pool-3-thread-8] INFO io.github.bonigarcia.wdm.WebDriverManager - Using chromedriver 116.0.5845.96 (resolved driver for Chrome 116)
[pool-3-thread-8] INFO io.github.bonigarcia.wdm.WebDriverManager - Exporting webdriver.chrome.driver as C:\Users\Admin\.cache\selenium\chromedriver\win64\116.0.5845.96\chromedriver.exe
Sep 10, 2023 10:32:42 PM org.openqa.selenium.remote.ProtocolHandshake createSession
INFO: Detected dialect: W3C
[pool-3-thread-8] INFO cucumber.utils.DriverManager - Running on Desktop
]]></system-err>
  </testcase>
</testsuite>