<?xml version="1.0" encoding="UTF-8"?>
<testsuite name="Cucumber" time="210.83" tests="4" skipped="0" failures="0" errors="0">
<testcase classname="Management Home page" name="As a user, i want to see home page is display as expect" time="53.666">
<system-out><![CDATA[
Given I navigate to Veg Store website.......................................passed
And I enter "toanb1906785" into input "username" field......................passed
And I enter "toanautomation@grr.la" into input "email" field................passed
And I enter "123456aA@" into input "password" field.........................passed
And I enter "123456aA@" into input "confirmpassword" field..................passed
And I click on "male" button................................................passed
And I enter "16/09/2001" into input "birthday" field........................passed
And I enter "0123456789" into input "number" field..........................passed
And I enter "Ly Tu Trong" into input "address" field........................passed
And I click on "register" button............................................passed
And I enter "toanautomation@grr.la" into input "LP_email" field.............passed
And I enter "123456aA@" into input "LP_password" field......................passed
When I click on "LP_login" button...........................................passed
And I wait for 5 sec........................................................passed
Then I should see "logo" will be displayed on UI............................passed
And I should see "mainPage" will be displayed on UI.........................passed
And I should see "introPage" will be displayed on UI........................passed
And I should see "productsPage" will be displayed on UI.....................passed
And I should see "contactPage" will be displayed on UI......................passed
And I should see "cart" will be displayed on UI.............................passed
And I should see "personal" will be displayed on UI.........................passed
And I should see "logout" will be displayed on UI...........................passed
And I should see "carousel" will be displayed on UI.........................passed
And I should see "titleFeedback" will be displayed on UI....................passed
And I should see "listCards" will be displayed on UI........................passed
And I should see "titleHot" will be displayed on UI.........................passed
And I should see "listProducts" will be displayed on UI.....................passed
]]></system-out>
</testcase>
<testcase classname="Management Home page" name="As a user, i want to see feedback card display as expect" time="72.458">
<system-out><![CDATA[
Given I navigate to Veg Store website.......................................passed
And I enter "toanb1906785" into input "username" field......................passed
And I enter "toanautomation@grr.la" into input "email" field................passed
And I enter "123456aA@" into input "password" field.........................passed
And I enter "123456aA@" into input "confirmpassword" field..................passed
And I click on "male" button................................................passed
And I enter "16/09/2001" into input "birthday" field........................passed
And I enter "0123456789" into input "number" field..........................passed
And I enter "Ly Tu Trong" into input "address" field........................passed
And I click on "register" button............................................passed
And I enter "toanautomation@grr.la" into input "LP_email" field.............passed
And I enter "123456aA@" into input "LP_password" field......................passed
When I click on "LP_login" button...........................................passed
And I wait for 5 sec........................................................passed
When I move to "titleFeedback" element......................................passed
Then I should see "imgCards" will be displayed on UI........................passed
And I should see "nameCards" will be displayed on UI........................passed
And I should see "starCards" will be displayed on UI........................passed
And I should see "textCards" will be displayed on UI........................passed
And I should see "statusCards" will be displayed on UI......................passed
]]></system-out>
</testcase>
<testcase classname="Management Home page" name="As a user, i want to see product card display as expect" time="41.158">
<system-out><![CDATA[
Given I navigate to Veg Store website.......................................passed
And I enter "toanb1906785" into input "username" field......................passed
And I enter "toanautomation@grr.la" into input "email" field................passed
And I enter "123456aA@" into input "password" field.........................passed
And I enter "123456aA@" into input "confirmpassword" field..................passed
And I click on "male" button................................................passed
And I enter "16/09/2001" into input "birthday" field........................passed
And I enter "0123456789" into input "number" field..........................passed
And I enter "Ly Tu Trong" into input "address" field........................passed
And I click on "register" button............................................passed
And I enter "toanautomation@grr.la" into input "LP_email" field.............passed
And I enter "123456aA@" into input "LP_password" field......................passed
When I click on "LP_login" button...........................................passed
And I wait for 5 sec........................................................passed
When I move to "titleHot" element...........................................passed
Then I should see "imageProducts" will be displayed on UI...................passed
And I should see "nameProducts" will be displayed on UI.....................passed
And I should see "priceProducts" will be displayed on UI....................passed
And I should see "descriptionProducts" will be displayed on UI..............passed
And I should see "orderProducts" will be displayed on UI....................passed
]]></system-out>
</testcase>
<testcase classname="Management Home page" name="As a user, i should be navigated to product page after click order in Home Page" time="42.944">
<system-out><![CDATA[
Given I navigate to Veg Store website.......................................passed
And I enter "toanb1906785" into input "username" field......................passed
And I enter "toanautomation@grr.la" into input "email" field................passed
And I enter "123456aA@" into input "password" field.........................passed
And I enter "123456aA@" into input "confirmpassword" field..................passed
And I click on "male" button................................................passed
And I enter "16/09/2001" into input "birthday" field........................passed
And I enter "0123456789" into input "number" field..........................passed
And I enter "Ly Tu Trong" into input "address" field........................passed
And I click on "register" button............................................passed
And I enter "toanautomation@grr.la" into input "LP_email" field.............passed
And I enter "123456aA@" into input "LP_password" field......................passed
When I click on "LP_login" button...........................................passed
And I wait for 5 sec........................................................passed
When I click on "orderProducts" button......................................passed
Then I should be navigate to Product Page...................................passed
]]></system-out>
</testcase>
</testsuite>
