<?xml version="1.0" encoding="UTF-8"?>
<testsuite name="Cucumber" time="143.677" tests="4" skipped="0" failures="0" errors="0">
<testcase classname="Management Login page" name="As a user, i want to login successfully with correct value has registered before - Example #1.1" time="38.732">
<system-out><![CDATA[
Given I navigate to Veg Store website.......................................passed
And I enter "toanb1906785" into input "username" field......................passed
And I enter "toanautomation@grr.la" into input "email" field................passed
And I enter "123456aA@" into input "password" field.........................passed
And I enter "123456aA@" into input "confirmpassword" field..................passed
And I click on "male" button................................................passed
And I enter "16/09/2001" into input "birthday" field........................passed
And I enter "0123456789" into input "number" field..........................passed
And I enter "Ly Tu Trong" into input "address" field........................passed
And I click on "register" button............................................passed
And I enter "toanautomation@grr.la" into input "LP_email" field.............passed
And I enter "123456aA@" into input "LP_password" field......................passed
When I click on "LP_login" button...........................................passed
Then I should be navigate to Home Page......................................passed
And I should see "logo" will be displayed on UI.............................passed
]]></system-out>
</testcase>
<testcase classname="Management Login page" name="As a user, i should see a message show in alert with incorrect data - Example #1.1" time="35.757">
<system-out><![CDATA[
Given I navigate to Veg Store website.......................................passed
And I enter "toanb1906785" into input "username" field......................passed
And I enter "toanautomation@grr.la" into input "email" field................passed
And I enter "123456aA@" into input "password" field.........................passed
And I enter "123456aA@" into input "confirmpassword" field..................passed
And I click on "male" button................................................passed
And I enter "16/09/2001" into input "birthday" field........................passed
And I enter "0123456789" into input "number" field..........................passed
And I enter "Ly Tu Trong" into input "address" field........................passed
And I click on "register" button............................................passed
And I enter "toanautomation@grr.la" into input "LP_email" field.............passed
And I enter "" into input "LP_password" field...............................passed
When I click on "LP_login" button...........................................passed
Then I should see "Email hoặc Mật Khẩu không trùng khớp với lúc đăng ký" in alert message.passed
]]></system-out>
</testcase>
<testcase classname="Management Login page" name="As a user, i should see a message show in alert with incorrect data - Example #1.2" time="34.256">
<system-out><![CDATA[
Given I navigate to Veg Store website.......................................passed
And I enter "toanb1906785" into input "username" field......................passed
And I enter "toanautomation@grr.la" into input "email" field................passed
And I enter "123456aA@" into input "password" field.........................passed
And I enter "123456aA@" into input "confirmpassword" field..................passed
And I click on "male" button................................................passed
And I enter "16/09/2001" into input "birthday" field........................passed
And I enter "0123456789" into input "number" field..........................passed
And I enter "Ly Tu Trong" into input "address" field........................passed
And I click on "register" button............................................passed
And I enter "" into input "LP_email" field..................................passed
And I enter "123456aA@" into input "LP_password" field......................passed
When I click on "LP_login" button...........................................passed
Then I should see "Email hoặc Mật Khẩu không trùng khớp với lúc đăng ký" in alert message.passed
]]></system-out>
</testcase>
<testcase classname="Management Login page" name="As a user, i should see a message show in alert with incorrect data - Example #1.3" time="34.625">
<system-out><![CDATA[
Given I navigate to Veg Store website.......................................passed
And I enter "toanb1906785" into input "username" field......................passed
And I enter "toanautomation@grr.la" into input "email" field................passed
And I enter "123456aA@" into input "password" field.........................passed
And I enter "123456aA@" into input "confirmpassword" field..................passed
And I click on "male" button................................................passed
And I enter "16/09/2001" into input "birthday" field........................passed
And I enter "0123456789" into input "number" field..........................passed
And I enter "Ly Tu Trong" into input "address" field........................passed
And I click on "register" button............................................passed
And I enter "toanautomation@rr.la" into input "LP_email" field..............passed
And I enter "12345aA@" into input "LP_password" field.......................passed
When I click on "LP_login" button...........................................passed
Then I should see "Email hoặc Mật Khẩu không trùng khớp với lúc đăng ký" in alert message.passed
]]></system-out>
</testcase>
</testsuite>
